已經開始建置於 2015/4/16 上午 12:11:32。
     1>節點 2 (build 目標) 上的專案 "C:\Users\acer\Documents\Visual Studio 2010\Projects\GapsArray\GapsArray\GapsArray.vcxproj"。
     1>InitializeBuildStatus:
         正在變更時間戳記 "Debug\GapsArray.unsuccessfulbuild"。
       _MASM:
         Assembling [Inputs]...
         cmd.exe /C "C:\Users\acer\AppData\Local\Temp\tmp2ae81a1660844e2f813b21a571e5fde3.cmd"
         ml.exe /c /nologo /Zi /Fo"Debug\GapsArray.obj" /Fl"MyListingFile" /I "C:\Irvine" /W3 /errorReport:prompt  /TaGapsArray.asm
       Link:
         C:\Program Files (x86)\Microsoft Visual Studio 10.0\VC\bin\link.exe /ERRORREPORT:PROMPT /OUT:"C:\Users\acer\Documents\Visual Studio 2010\Projects\GapsArray\Debug\GapsArray.exe" /NOLOGO /LIBPATH:C:\Irvine Irvine32.lib kernel32.lib user32.lib gdi32.lib winspool.lib comdlg32.lib advapi32.lib shell32.lib ole32.lib oleaut32.lib uuid.lib odbc32.lib odbccp32.lib kernel32.lib user32.lib gdi32.lib winspool.lib comdlg32.lib advapi32.lib shell32.lib ole32.lib oleaut32.lib uuid.lib odbc32.lib odbccp32.lib /MANIFEST /ManifestFile:"Debug\GapsArray.exe.intermediate.manifest" /MANIFESTUAC:"level='asInvoker' uiAccess='false'" /DEBUG /PDB:"C:\Users\acer\Documents\Visual Studio 2010\Projects\GapsArray\Debug\GapsArray.pdb" /MAP /SUBSYSTEM:CONSOLE /TLBID:1 /DYNAMICBASE /NXCOMPAT /IMPLIB:"C:\Users\acer\Documents\Visual Studio 2010\Projects\GapsArray\Debug\GapsArray.lib" /MACHINE:X86 Debug\GapsArray.obj
         LINK : 最後的累加連結找不到或未建置 C:\Users\acer\Documents\Visual Studio 2010\Projects\GapsArray\Debug\GapsArray.exe，正在執行完整連結
         GapsArray.vcxproj -> C:\Users\acer\Documents\Visual Studio 2010\Projects\GapsArray\Debug\GapsArray.exe
       Manifest:
         C:\Program Files (x86)\Microsoft SDKs\Windows\v7.0A\bin\mt.exe /nologo /verbose /outputresource:"C:\Users\acer\Documents\Visual Studio 2010\Projects\GapsArray\Debug\GapsArray.exe;#1" /manifest Debug\GapsArray.exe.intermediate.manifest
       FinalizeBuildStatus:
         正在刪除檔案 "Debug\GapsArray.unsuccessfulbuild"。
         正在變更時間戳記 "Debug\GapsArray.lastbuildstate"。
     1>專案 "C:\Users\acer\Documents\Visual Studio 2010\Projects\GapsArray\GapsArray\GapsArray.vcxproj" (build 目標) 建置完成。

建置成功。

經過時間 00:00:00.58
