已經開始建置於 2015/4/13 下午 09:10:04。
     1>節點 2 (build 目標) 上的專案 "c:\Users\acer\documents\visual studio 2010\Projects\MyASM\MyASM\MyASM.vcxproj"。
     1>InitializeBuildStatus:
         正在變更時間戳記 "Debug\MyASM.unsuccessfulbuild"。
       _MASM:
         Assembling [Inputs]...
         cmd.exe /C "C:\Users\acer\AppData\Local\Temp\tmp06012d32f8da43078ad02cb0583666b6.cmd"
         ml.exe /c /nologo /Zi /Fo"Debug\main.obj" /Fl"MyListingFile" /I "C:\Irvine" /W3 /errorReport:prompt  /Tamain.asm
       Link:
         C:\Program Files (x86)\Microsoft Visual Studio 10.0\VC\bin\link.exe /ERRORREPORT:PROMPT /OUT:"c:\users\acer\documents\visual studio 2010\Projects\MyASM\Debug\MyASM.exe" /NOLOGO /LIBPATH:C:\Irvine Irvine32.lib kernel32.lib user32.lib gdi32.lib winspool.lib comdlg32.lib advapi32.lib shell32.lib ole32.lib oleaut32.lib uuid.lib odbc32.lib odbccp32.lib kernel32.lib user32.lib gdi32.lib winspool.lib comdlg32.lib advapi32.lib shell32.lib ole32.lib oleaut32.lib uuid.lib odbc32.lib odbccp32.lib /MANIFEST /ManifestFile:"Debug\MyASM.exe.intermediate.manifest" /MANIFESTUAC:"level='asInvoker' uiAccess='false'" /DEBUG /PDB:"c:\users\acer\documents\visual studio 2010\Projects\MyASM\Debug\MyASM.pdb" /MAP /SUBSYSTEM:CONSOLE /TLBID:1 /DYNAMICBASE /NXCOMPAT /IMPLIB:"c:\users\acer\documents\visual studio 2010\Projects\MyASM\Debug\MyASM.lib" /MACHINE:X86 Debug\main.obj
         LINK : 最後的累加連結找不到或未建置 c:\users\acer\documents\visual studio 2010\Projects\MyASM\Debug\MyASM.exe，正在執行完整連結
         MyASM.vcxproj -> c:\users\acer\documents\visual studio 2010\Projects\MyASM\Debug\MyASM.exe
       Manifest:
         C:\Program Files (x86)\Microsoft SDKs\Windows\v7.0A\bin\mt.exe /nologo /verbose /outputresource:"c:\users\acer\documents\visual studio 2010\Projects\MyASM\Debug\MyASM.exe;#1" /manifest Debug\MyASM.exe.intermediate.manifest
       FinalizeBuildStatus:
         正在刪除檔案 "Debug\MyASM.unsuccessfulbuild"。
         正在變更時間戳記 "Debug\MyASM.lastbuildstate"。
     1>專案 "c:\Users\acer\documents\visual studio 2010\Projects\MyASM\MyASM\MyASM.vcxproj" (build 目標) 建置完成。

建置成功。

經過時間 00:00:00.69
