已經開始建置於 2015/4/29 下午 08:44:17。
     1>節點 2 (build 目標) 上的專案 "c:\Users\acer\documents\visual studio 2010\Projects\BetterRandomRange\BetterRandomRange\BetterRandomRange.vcxproj"。
     1>InitializeBuildStatus:
         由於指定了 "AlwaysCreate"，因此正在建立 "Debug\BetterRandomRange.unsuccessfulbuild"。
       _MASM:
         Assembling [Inputs]...
         cmd.exe /C "C:\Users\acer\AppData\Local\Temp\tmp514f41abff9a4b478209c9205149b881.cmd"
         ml.exe /c /nologo /Zi /Fo"Debug\main.obj" /Fl"MyListingFile" /I "C:\Irvine" /W3 /errorReport:prompt  /Tamain.asm
       Link:
         C:\Program Files (x86)\Microsoft Visual Studio 10.0\VC\bin\link.exe /ERRORREPORT:PROMPT /OUT:"c:\users\acer\documents\visual studio 2010\Projects\BetterRandomRange\Debug\BetterRandomRange.exe" /NOLOGO /LIBPATH:C:\Irvine Irvine32.lib kernel32.lib user32.lib gdi32.lib winspool.lib comdlg32.lib advapi32.lib shell32.lib ole32.lib oleaut32.lib uuid.lib odbc32.lib odbccp32.lib kernel32.lib user32.lib gdi32.lib winspool.lib comdlg32.lib advapi32.lib shell32.lib ole32.lib oleaut32.lib uuid.lib odbc32.lib odbccp32.lib /MANIFEST /ManifestFile:"Debug\BetterRandomRange.exe.intermediate.manifest" /MANIFESTUAC:"level='asInvoker' uiAccess='false'" /DEBUG /PDB:"c:\users\acer\documents\visual studio 2010\Projects\BetterRandomRange\Debug\BetterRandomRange.pdb" /MAP /SUBSYSTEM:CONSOLE /TLBID:1 /DYNAMICBASE /NXCOMPAT /IMPLIB:"c:\users\acer\documents\visual studio 2010\Projects\BetterRandomRange\Debug\BetterRandomRange.lib" /MACHINE:X86 Debug\main.obj
         LINK : 最後的累加連結找不到或未建置 c:\users\acer\documents\visual studio 2010\Projects\BetterRandomRange\Debug\BetterRandomRange.exe，正在執行完整連結
         BetterRandomRange.vcxproj -> c:\users\acer\documents\visual studio 2010\Projects\BetterRandomRange\Debug\BetterRandomRange.exe
       Manifest:
         C:\Program Files (x86)\Microsoft SDKs\Windows\v7.0A\bin\mt.exe /nologo /verbose /outputresource:"c:\users\acer\documents\visual studio 2010\Projects\BetterRandomRange\Debug\BetterRandomRange.exe;#1" /manifest Debug\BetterRandomRange.exe.intermediate.manifest
       FinalizeBuildStatus:
         正在刪除檔案 "Debug\BetterRandomRange.unsuccessfulbuild"。
         正在變更時間戳記 "Debug\BetterRandomRange.lastbuildstate"。
     1>專案 "c:\Users\acer\documents\visual studio 2010\Projects\BetterRandomRange\BetterRandomRange\BetterRandomRange.vcxproj" (build 目標) 建置完成。

建置成功。

經過時間 00:00:01.25
